<?xml version="1.0" encoding="UTF-8"?>
<!-- Generated by org.testng.reporters.JUnitXMLReporter -->
<testsuite ignored="0" hostname="DESKTOP-B624D8U" failures="0" tests="4" name="EntrataTest" time="41.514" errors="0" timestamp="2024-02-12T18:02:16 IST">
  <testcase classname="testNGTestCases.TC002_Validate_Elements_from_SignIn_Page" name="validate_Property_Manager_Login_Link_correctly_navigating_to_desired_Page" time="5.933"/>
  <testcase classname="testNGTestCases.TC003_Validate_Resident_Page_Elements" name="Verify_Schedule_Demo_button_displaying" time="0.502"/>
  <testcase classname="testNGTestCases.TC001_Validate_Elements_On_HomePage" name="validate_Sign_In_Button_Enabled_from_Home_Page" time="0.109"/>
  <testcase classname="testNGTestCases.TC001_Validate_Elements_On_HomePage" name="validate_dispalyOf_Watch_Demo_button_From_Home_Page" time="5.051"/>
</testsuite> <!-- EntrataTest -->
